# JRE version: Java(TM) SE Runtime Environment (8.0_181-b13) (build 1.8.0_181-b13)
# Java VM: Java HotSpot(TM) 64-Bit Server VM (25.181-b13 mixed mode windows-amd64 compressed oops)
Heap:
 PSYoungGen      total 85504K, used 1880K [0x0000000780900000, 0x0000000787580000, 0x00000007c0000000)
  eden space 80896K, 2% used [0x0000000780900000,0x0000000780ad6218,0x0000000785800000)
  from space 4608K, 0% used [0x0000000787100000,0x0000000787100000,0x0000000787580000)
  to   space 8192K, 0% used [0x0000000786580000,0x0000000786580000,0x0000000786d80000)
 ParOldGen       total 76800K, used 12876K [0x0000000701a00000, 0x0000000706500000, 0x0000000780900000)
  object space 76800K, 16% used [0x0000000701a00000,0x0000000702693360,0x0000000706500000)
 Metaspace       used 34924K, capacity 36466K, committed 37032K, reserved 1085440K
  class space    used 4564K, capacity 4879K, committed 5032K, reserved 1048576K
GC Heap History (10 events):
Event: 11.752 GC heap before
{Heap before GC invocations=12 (full 4):
 PSYoungGen      total 85504K, used 1216K [0x0000000780900000, 0x0000000787580000, 0x00000007c0000000)
  eden space 80896K, 0% used [0x0000000780900000,0x0000000780900000,0x0000000785800000)
  from space 4608K, 26% used [0x0000000787100000,0x0000000787230000,0x0000000787580000)
  to   space 8192K, 0% used [0x0000000786580000,0x0000000786580000,0x0000000786d80000)
 ParOldGen       total 76800K, used 15060K [0x0000000701a00000, 0x0000000706500000, 0x0000000780900000)
  object space 76800K, 19% used [0x0000000701a00000,0x00000007028b5298,0x0000000706500000)
 Metaspace       used 35015K, capacity 36556K, committed 36776K, reserved 1087488K
  class space    used 4578K, capacity 4908K, committed 5032K, reserved 1048576K
Event: 11.891 GC heap after
Heap after GC invocations=12 (full 4):
 PSYoungGen      total 85504K, used 0K [0x0000000780900000, 0x0000000787580000, 0x00000007c0000000)
  eden space 80896K, 0% used [0x0000000780900000,0x0000000780900000,0x0000000785800000)
  from space 4608K, 0% used [0x0000000787100000,0x0000000787100000,0x0000000787580000)
  to   space 8192K, 0% used [0x0000000786580000,0x0000000786580000,0x0000000786d80000)
 ParOldGen       total 76800K, used 15789K [0x0000000701a00000, 0x0000000706500000, 0x0000000780900000)
  object space 76800K, 20% used [0x0000000701a00000,0x000000070296b490,0x0000000706500000)
 Metaspace       used 35015K, capacity 36556K, committed 36776K, reserved 1085440K
  class space    used 4578K, capacity 4908K, committed 5032K, reserved 1048576K
}
Event: 11.891 GC heap before
{Heap before GC invocations=13 (full 4):
 PSYoungGen      total 85504K, used 0K [0x0000000780900000, 0x0000000787580000, 0x00000007c0000000)
  eden space 80896K, 0% used [0x0000000780900000,0x0000000780900000,0x0000000785800000)
  from space 4608K, 0% used [0x0000000787100000,0x0000000787100000,0x0000000787580000)
  to   space 8192K, 0% used [0x0000000786580000,0x0000000786580000,0x0000000786d80000)
 ParOldGen       total 76800K, used 15789K [0x0000000701a00000, 0x0000000706500000, 0x0000000780900000)
  object space 76800K, 20% used [0x0000000701a00000,0x000000070296b490,0x0000000706500000)
 Metaspace       used 35015K, capacity 36556K, committed 36776K, reserved 1089536K
  class space    used 4578K, capacity 4908K, committed 5032K, reserved 1048576K
Event: 11.893 GC heap after
Heap after GC invocations=13 (full 4):
 PSYoungGen      total 89088K, used 0K [0x0000000780900000, 0x0000000787580000, 0x00000007c0000000)
  eden space 80896K, 0% used [0x0000000780900000,0x0000000780900000,0x0000000785800000)
  from space 8192K, 0% used [0x0000000786580000,0x0000000786580000,0x0000000786d80000)
  to   space 4608K, 0% used [0x0000000787100000,0x0000000787100000,0x0000000787580000)
 ParOldGen       total 76800K, used 15789K [0x0000000701a00000, 0x0000000706500000, 0x0000000780900000)
  object space 76800K, 20% used [0x0000000701a00000,0x000000070296b490,0x0000000706500000)
 Metaspace       used 35015K, capacity 36556K, committed 36776K, reserved 1089536K
  class space    used 4578K, capacity 4908K, committed 5032K, reserved 1048576K
}
Event: 11.893 GC heap before
{Heap before GC invocations=14 (full 5):
 PSYoungGen      total 89088K, used 0K [0x0000000780900000, 0x0000000787580000, 0x00000007c0000000)
  eden space 80896K, 0% used [0x0000000780900000,0x0000000780900000,0x0000000785800000)
  from space 8192K, 0% used [0x0000000786580000,0x0000000786580000,0x0000000786d80000)
  to   space 4608K, 0% used [0x0000000787100000,0x0000000787100000,0x0000000787580000)
 ParOldGen       total 76800K, used 15789K [0x0000000701a00000, 0x0000000706500000, 0x0000000780900000)
  object space 76800K, 20% used [0x0000000701a00000,0x000000070296b490,0x0000000706500000)
 Metaspace       used 35015K, capacity 36556K, committed 36776K, reserved 1089536K
  class space    used 4578K, capacity 4908K, committed 5032K, reserved 1048576K
Event: 12.029 GC heap after
Heap after GC invocations=14 (full 5):
 PSYoungGen      total 89088K, used 0K [0x0000000780900000, 0x0000000787580000, 0x00000007c0000000)
  eden space 80896K, 0% used [0x0000000780900000,0x0000000780900000,0x0000000785800000)
  from space 8192K, 0% used [0x0000000786580000,0x0000000786580000,0x0000000786d80000)
  to   space 4608K, 0% used [0x0000000787100000,0x0000000787100000,0x0000000787580000)
 ParOldGen       total 76800K, used 13168K [0x0000000701a00000, 0x0000000706500000, 0x0000000780900000)
  object space 76800K, 17% used [0x0000000701a00000,0x00000007026dc168,0x0000000706500000)
 Metaspace       used 34908K, capacity 36386K, committed 36776K, reserved 1085440K
  class space    used 4560K, capacity 4875K, committed 5032K, reserved 1048576K
}
Event: 12.038 GC heap before
{Heap before GC invocations=15 (full 5):
 PSYoungGen      total 89088K, used 1341K [0x0000000780900000, 0x0000000787580000, 0x00000007c0000000)
  eden space 80896K, 1% used [0x0000000780900000,0x0000000780a4f478,0x0000000785800000)
  from space 8192K, 0% used [0x0000000786580000,0x0000000786580000,0x0000000786d80000)
  to   space 4608K, 0% used [0x0000000787100000,0x0000000787100000,0x0000000787580000)
 ParOldGen       total 76800K, used 13168K [0x0000000701a00000, 0x0000000706500000, 0x0000000780900000)
  object space 76800K, 17% used [0x0000000701a00000,0x00000007026dc168,0x0000000706500000)
 Metaspace       used 34910K, capacity 36386K, committed 36776K, reserved 1091584K
  class space    used 4561K, capacity 4875K, committed 5032K, reserved 1048576K
Event: 12.041 GC heap after
Heap after GC invocations=15 (full 5):
 PSYoungGen      total 85504K, used 96K [0x0000000780900000, 0x0000000787580000, 0x00000007c0000000)
  eden space 80896K, 0% used [0x0000000780900000,0x0000000780900000,0x0000000785800000)
  from space 4608K, 2% used [0x0000000787100000,0x0000000787118000,0x0000000787580000)
  to   space 8192K, 0% used [0x0000000786580000,0x0000000786580000,0x0000000786d80000)
 ParOldGen       total 76800K, used 13168K [0x0000000701a00000, 0x0000000706500000, 0x0000000780900000)
  object space 76800K, 17% used [0x0000000701a00000,0x00000007026dc168,0x0000000706500000)
 Metaspace       used 34910K, capacity 36386K, committed 36776K, reserved 1091584K
  class space    used 4561K, capacity 4875K, committed 5032K, reserved 1048576K
}
Event: 12.041 GC heap before
{Heap before GC invocations=16 (full 6):
 PSYoungGen      total 85504K, used 96K [0x0000000780900000, 0x0000000787580000, 0x00000007c0000000)
  eden space 80896K, 0% used [0x0000000780900000,0x0000000780900000,0x0000000785800000)
  from space 4608K, 2% used [0x0000000787100000,0x0000000787118000,0x0000000787580000)
  to   space 8192K, 0% used [0x0000000786580000,0x0000000786580000,0x0000000786d80000)
 ParOldGen       total 76800K, used 13168K [0x0000000701a00000, 0x0000000706500000, 0x0000000780900000)
  object space 76800K, 17% used [0x0000000701a00000,0x00000007026dc168,0x0000000706500000)
 Metaspace       used 34910K, capacity 36386K, committed 36776K, reserved 1091584K
  class space    used 4561K, capacity 4875K, committed 5032K, reserved 1048576K
Event: 12.097 GC heap after
Heap after GC invocations=16 (full 6):
 PSYoungGen      total 85504K, used 0K [0x0000000780900000, 0x0000000787580000, 0x00000007c0000000)
  eden space 80896K, 0% used [0x0000000780900000,0x0000000780900000,0x0000000785800000)
  from space 4608K, 0% used [0x0000000787100000,0x0000000787100000,0x0000000787580000)
  to   space 8192K, 0% used [0x0000000786580000,0x0000000786580000,0x0000000786d80000)
 ParOldGen       total 76800K, used 12876K [0x0000000701a00000, 0x0000000706500000, 0x0000000780900000)
  object space 76800K, 16% used [0x0000000701a00000,0x0000000702693360,0x0000000706500000)
 Metaspace       used 34910K, capacity 36386K, committed 36776K, reserved 1085440K
  class space    used 4561K, capacity 4875K, committed 5032K, reserved 1048576K
}

